<?xml version="1.0" encoding="UTF-8"?>
<!-- Generated by org.testng.reporters.JUnitReportReporter -->
<testsuite skipped="0" hostname="Diya" name="com.tutorialninja.testsuite.MyAccountTest" tests="4" failures="0" timestamp="2022-12-12T19:11:45 GMT" time="79.199" errors="0">
  <testcase name="verifyUserShouldNavigateToRegisterPageSuccessfully" time="24.199" classname="com.tutorialninja.testsuite.MyAccountTest"/>
  <system-out>
    <![CDATA[clickOnMyAccount[[ChromeDriver: chrome on WINDOWS (375448fe4eef4f1aa83e70a1dc3359a5)] -> xpath: //span[contains(text(),'My Account')]]
getVerifyRegister[[ChromeDriver: chrome on WINDOWS (375448fe4eef4f1aa83e70a1dc3359a5)] -> xpath: //h1[contains(text(),'Register Account')]]
Click to see screenshot
<a target = "_blank" href=C:\Users\viren\IdeaProjects\tutorialninja-wk-15-virenpatel/test-output/html/verifyUserShouldNavigateToRegisterPageSuccessfullyMon_Dec_12_19_11_44_GMT_2022.jpg>Screenshot</a>
<br>
Click to see screenshot
<a target = "_blank" href=C:\Users\viren\IdeaProjects\tutorialninja-wk-15-virenpatel/test-output/html/verifyUserShouldNavigateToRegisterPageSuccessfullyMon_Dec_12_19_11_44_GMT_2022.jpg>Screenshot</a>
<br>]]>
  </system-out>
  <testcase name="verifyThatUserRegisterAccountSuccessfully" time="25.589" classname="com.tutorialninja.testsuite.MyAccountTest"/>
  <system-out>
    <![CDATA[clickOnMyAccount[[ChromeDriver: chrome on WINDOWS (28f3df8aea3ae4088bf147d4892cdda3)] -> xpath: //span[contains(text(),'My Account')]]
enterPassword[[ChromeDriver: chrome on WINDOWS (28f3df8aea3ae4088bf147d4892cdda3)] -> id: input-password]
enterFirstNameManan[[ChromeDriver: chrome on WINDOWS (28f3df8aea3ae4088bf147d4892cdda3)] -> id: input-firstname]
enterLastNameShahShah
enterEmailAddtest12O3@gmail.com[[ChromeDriver: chrome on WINDOWS (28f3df8aea3ae4088bf147d4892cdda3)] -> id: input-email]
enterPhone[[ChromeDriver: chrome on WINDOWS (28f3df8aea3ae4088bf147d4892cdda3)] -> id: input-telephone]
enterPassword[[ChromeDriver: chrome on WINDOWS (28f3df8aea3ae4088bf147d4892cdda3)] -> id: input-password]
enterConfirmPass[[ChromeDriver: chrome on WINDOWS (28f3df8aea3ae4088bf147d4892cdda3)] -> id: input-confirm]
clickYesOnNewsLetter[[ChromeDriver: chrome on WINDOWS (28f3df8aea3ae4088bf147d4892cdda3)] -> xpath: //input[@name='newsletter']]
clickOnPrivacy[[ChromeDriver: chrome on WINDOWS (28f3df8aea3ae4088bf147d4892cdda3)] -> xpath: //div[@class = 'buttons']//input[@name='agree']]
clickFinalContinue[[ChromeDriver: chrome on WINDOWS (28f3df8aea3ae4088bf147d4892cdda3)] -> xpath: //div[@class = 'buttons']//input[@value='Continue']]
getVerifyMessage[[ChromeDriver: chrome on WINDOWS (28f3df8aea3ae4088bf147d4892cdda3)] -> xpath: //div[@id ='content']//h1]
clickOnMyAccountTab[[ChromeDriver: chrome on WINDOWS (28f3df8aea3ae4088bf147d4892cdda3)] -> xpath: //span[contains(text(),'My Account')]]
Click to see screenshot
<a target = "_blank" href=C:\Users\viren\IdeaProjects\tutorialninja-wk-15-virenpatel/test-output/html/verifyThatUserRegisterAccountSuccessfullyMon_Dec_12_19_10_50_GMT_2022.jpg>Screenshot</a>
<br>
Click to see screenshot
<a target = "_blank" href=C:\Users\viren\IdeaProjects\tutorialninja-wk-15-virenpatel/test-output/html/verifyThatUserRegisterAccountSuccessfullyMon_Dec_12_19_10_50_GMT_2022.jpg>Screenshot</a>
<br>]]>
  </system-out>
  <testcase name="verifyThatUserShouldLoginAndLogoutSuccessfully" time="25.090" classname="com.tutorialninja.testsuite.MyAccountTest"/>
  <system-out>
    <![CDATA[clickOnMyAccountTab[[ChromeDriver: chrome on WINDOWS (3df30526d1f77de48ce8a2d6bb109651)] -> xpath: //span[contains(text(),'My Account')]]
enterEmailAddtest123499@gmail.com[[ChromeDriver: chrome on WINDOWS (3df30526d1f77de48ce8a2d6bb109651)] -> id: input-email]
enterPassword[[ChromeDriver: chrome on WINDOWS (3df30526d1f77de48ce8a2d6bb109651)] -> id: input-password]
clickOnContinueTab[[ChromeDriver: chrome on WINDOWS (3df30526d1f77de48ce8a2d6bb109651)] -> xpath: //a[contains(text(),'Continue')]]
Click to see screenshot
<a target = "_blank" href=C:\Users\viren\IdeaProjects\tutorialninja-wk-15-virenpatel/test-output/html/verifyThatUserShouldLoginAndLogoutSuccessfullyMon_Dec_12_19_11_16_GMT_2022.jpg>Screenshot</a>
<br>
Click to see screenshot
<a target = "_blank" href=C:\Users\viren\IdeaProjects\tutorialninja-wk-15-virenpatel/test-output/html/verifyThatUserShouldLoginAndLogoutSuccessfullyMon_Dec_12_19_11_16_GMT_2022.jpg>Screenshot</a>
<br>]]>
  </system-out>
  <testcase name="verifyUserShouldNavigateToLoginPageSuccessfully" time="4.321" classname="com.tutorialninja.testsuite.MyAccountTest"/>
  <system-out>
    <![CDATA[clickOnMyAccount[[ChromeDriver: chrome on WINDOWS (3985aaf538c9410015db340eccdd935c)] -> xpath: //span[contains(text(),'My Account')]]
getVerifyReturning[[ChromeDriver: chrome on WINDOWS (3985aaf538c9410015db340eccdd935c)] -> xpath: //h2[contains(text(),'Returning Customer')]]
Click to see screenshot
<a target = "_blank" href=C:\Users\viren\IdeaProjects\tutorialninja-wk-15-virenpatel/test-output/html/verifyUserShouldNavigateToLoginPageSuccessfullyMon_Dec_12_19_11_20_GMT_2022.jpg>Screenshot</a>
<br>
Click to see screenshot
<a target = "_blank" href=C:\Users\viren\IdeaProjects\tutorialninja-wk-15-virenpatel/test-output/html/verifyUserShouldNavigateToLoginPageSuccessfullyMon_Dec_12_19_11_20_GMT_2022.jpg>Screenshot</a>
<br>]]>
  </system-out>
</testsuite> <!-- com.tutorialninja.testsuite.MyAccountTest -->
