<?xml version="1.0" encoding="UTF-8"?>
<!-- Generated by org.testng.reporters.JUnitReportReporter -->
<testsuite skipped="0" hostname="Diya" name="com.tutorialninja.testsuite.HomePageTest" tests="3" failures="0" timestamp="2022-12-11T16:14:39 GMT" time="15.388" errors="0">
  <testcase name="verifyUserShouldNavigateToDesktopsPageSuccessfully" time="5.164" classname="com.tutorialninja.testsuite.HomePageTest"/>
  <system-out/>
  <testcase name="verifyUserShouldNavigateToComponentsPageSuccessfully" time="5.603" classname="com.tutorialninja.testsuite.HomePageTest"/>
  <system-out/>
  <testcase name="verifyUserShouldNavigateToLaptopsAndNotebooksPageSuccessfully" time="4.621" classname="com.tutorialninja.testsuite.HomePageTest"/>
  <system-out/>
</testsuite> <!-- com.tutorialninja.testsuite.HomePageTest -->
