<?xml version="1.0" encoding="UTF-8"?>
<!-- Generated by org.testng.reporters.JUnitReportReporter -->
<testsuite skipped="0" hostname="Diya" name="com.tutorialninja.testsuite.DesktopTest" tests="2" failures="0" timestamp="2022-12-12T19:11:45 GMT" time="23.865" errors="0">
  <testcase name="verifyProductAddedToShoppingCartSuccessFully" time="17.581" classname="com.tutorialninja.testsuite.DesktopTest"/>
  <system-out>
    <![CDATA[clickOnCurrencyLink[[ChromeDriver: chrome on WINDOWS (668a67d40f8964390abd96a54bc43c2d)] -> xpath: //span[contains(text(),'Currency')]]
clickOnDesktopLink[[ChromeDriver: chrome on WINDOWS (668a67d40f8964390abd96a54bc43c2d)] -> link text: Desktops]
clickOnAllDesktop[[ChromeDriver: chrome on WINDOWS (668a67d40f8964390abd96a54bc43c2d)] -> xpath: //a[contains(text(),'Show All Desktops')]]
SortByNameZtoAFromDropdown[[ChromeDriver: chrome on WINDOWS (668a67d40f8964390abd96a54bc43c2d)] -> id: input-sort]
clickOnHPlp3065[[ChromeDriver: chrome on WINDOWS (668a67d40f8964390abd96a54bc43c2d)] -> xpath: //a[contains(text(),'HP LP3065')]]
getVerifyTextHp[[ChromeDriver: chrome on WINDOWS (668a67d40f8964390abd96a54bc43c2d)] -> xpath: //h1[contains(text(),'HP LP3065')]]
clickOnAdToCart[[ChromeDriver: chrome on WINDOWS (668a67d40f8964390abd96a54bc43c2d)] -> xpath: //button[@id='button-cart']]
getVerifyShoppingCart[[ChromeDriver: chrome on WINDOWS (668a67d40f8964390abd96a54bc43c2d)] -> xpath: //div[@id='content']//h1]
clickOnShoppingCart[[ChromeDriver: chrome on WINDOWS (668a67d40f8964390abd96a54bc43c2d)] -> xpath: //button[@id='button-cart']]
getVerifyProductName[[ChromeDriver: chrome on WINDOWS (668a67d40f8964390abd96a54bc43c2d)] -> xpath: //h1[contains(text(),'HP LP3065')]]
getVerifyModel[[ChromeDriver: chrome on WINDOWS (668a67d40f8964390abd96a54bc43c2d)] -> xpath: //li[contains(text(),'Product Code: Product 21')]]
Click to see screenshot
<a target = "_blank" href=C:\Users\viren\IdeaProjects\tutorialninja-wk-15-virenpatel/test-output/html/verifyProductAddedToShoppingCartSuccessFullyMon_Dec_12_19_10_17_GMT_2022.jpg>Screenshot</a>
<br>
Click to see screenshot
<a target = "_blank" href=C:\Users\viren\IdeaProjects\tutorialninja-wk-15-virenpatel/test-output/html/verifyProductAddedToShoppingCartSuccessFullyMon_Dec_12_19_10_17_GMT_2022.jpg>Screenshot</a>
<br>]]>
  </system-out>
  <testcase name="verifyProductArrangeInAlphabeticalOrder" time="6.284" classname="com.tutorialninja.testsuite.DesktopTest"/>
  <system-out>
    <![CDATA[clickOnDesktopLink[[ChromeDriver: chrome on WINDOWS (68d1dde8b99ce194fb0ebbc10a946153)] -> link text: Desktops]
clickOnAllDesktop[[ChromeDriver: chrome on WINDOWS (68d1dde8b99ce194fb0ebbc10a946153)] -> xpath: //a[contains(text(),'Show All Desktops')]]
Click to see screenshot
<a target = "_blank" href=C:\Users\viren\IdeaProjects\tutorialninja-wk-15-virenpatel/test-output/html/verifyProductArrangeInAlphabeticalOrderMon_Dec_12_19_10_24_GMT_2022.jpg>Screenshot</a>
<br>
Click to see screenshot
<a target = "_blank" href=C:\Users\viren\IdeaProjects\tutorialninja-wk-15-virenpatel/test-output/html/verifyProductArrangeInAlphabeticalOrderMon_Dec_12_19_10_24_GMT_2022.jpg>Screenshot</a>
<br>]]>
  </system-out>
</testsuite> <!-- com.tutorialninja.testsuite.DesktopTest -->
